Running in wrapper mode for '2493'

Running python job.

spear_wrapper job #:2493
spear_wrapper in directory: /home/jie/d3/fujie/copy1/hyper_parameter_tuning/hyperParamTuning/experiment/1
spear_wrapper params are:{u'ml2': array([-0.28710938]), u'ml3': array([-1.88085938]), u'ml1': array([-1.79101562]), u'ml4': array([-6.41210938]), u'experiment_dir': [u'/home/jie/d3/fujie/copy1/hyper_parameter_tuning/hyperParamTuning/experiment/1/12/example']}
training samples 2000: testing samples: 1000
Top level iter 0
Top level iter 1
Top level iter 2
Iter 0: train: 2.82473188711
Iter 50: train: 2.30243242631
Iter 100: train: 2.37508826584
Iter 150: train: 2.42735193241
Iter 200: train: 2.48415958618
Iter 250: train: 2.43324562968
Iter 300: train: 2.48606576952
Iter 350: train: 2.31271493824
Hyper iter 0, test loss 2.34102532728
Cur_reg [-1.79101562 -1.79101562 -1.79101562 ..., -6.41210938 -6.41210938
 -6.41210938]
Iter 0: train: 2.98948744388
Iter 50: train: 2.31425455836
Iter 100: train: 2.39220206332
Iter 150: train: 2.38370487228
Iter 200: train: 2.4844979048
Iter 250: train: 2.3787690857
Iter 300: train: 2.28274102528
Iter 350: train: 2.34845572157
Iter 0: train: 3.14911638555
Iter 50: train: 2.32636829484
Iter 100: train: 2.35161708548
Iter 150: train: 2.39761798784
Iter 200: train: 2.37716069554
Iter 250: train: 2.39761186048
Iter 300: train: 2.38262062252
Iter 350: train: 2.32260814173
Iter 0: train: 2.627159928
Iter 50: train: 2.24303780467
Iter 100: train: 2.35459614748
Iter 150: train: 2.37130754087
Iter 200: train: 2.35188059421
Iter 250: train: 2.42050006803
Iter 300: train: 2.41863851682
Iter 350: train: 2.41884850654
Iter 0: train: 2.79309960842
Iter 50: train: 2.34993282866
Iter 100: train: 2.29886291976
Iter 150: train: 2.40624962793
Iter 200: train: 2.47777617621
Iter 250: train: 2.31846527136
Iter 300: train: 2.34794693513
Iter 350: train: 2.39590830134
Iter 0: train: 2.67538738658
Iter 50: train: 2.21959634227
Iter 100: train: 2.43811697627
Iter 150: train: 2.4744997161
Iter 200: train: 2.36753988682
Iter 250: train: 2.40721170813
Iter 300: train: 2.48870712494
Iter 350: train: 2.38506974357


Iter 0: train: 2.89771465764
Iter 50: train: 2.29036412649
Iter 100: train: 2.31173410568
Iter 150: train: 2.36432393998
Iter 200: train: 2.38090257652
Iter 250: train: 2.40661979171
Iter 300: train: 2.38574131537
Iter 350: train: 2.28394297363
Hyper iter 1, test loss 2.333690007
Cur_reg [-1.79101562 -1.79101562 -1.79101562 ..., -6.41210938 -6.41210938
 -6.41210938]
Iter 0: train: 2.99886326624
Iter 50: train: 2.27324198916
Iter 100: train: 2.40678191623
Iter 150: train: 2.36537522005
Iter 200: train: 2.44243140172
Iter 250: train: 2.33508400741
Iter 300: train: 2.42280338109
Iter 350: train: 2.29417601607
Iter 0: train: 2.91526148294
Iter 50: train: 2.27433126004
Iter 100: train: 2.28724118391
Iter 150: train: 2.37698405611
Iter 200: train: 2.41086378966
Iter 250: train: 2.38010702213
Iter 300: train: 2.31965710816
Iter 350: train: 2.40450948759
Iter 0: train: 2.97860450493
Iter 50: train: 2.29457224599
Iter 100: train: 2.39378034171
Iter 150: train: 2.33221969642
Iter 200: train: 2.34449347204
Iter 250: train: 2.36546741006
Iter 300: train: 2.39696050407
Iter 350: train: 2.3955593784
Iter 0: train: 2.95682462064
Iter 50: train: 2.30070148826
Iter 100: train: 2.2677750498
Iter 150: train: 2.32560247752
Iter 200: train: 2.38000098299
Iter 250: train: 2.36853384671
Iter 300: train: 2.30878738068
Iter 350: train: 2.29691533061
Iter 0: train: 3.0162586654
Iter 50: train: 2.23279862633
Iter 100: train: 2.29499292465
Iter 150: train: 2.2598205169
Iter 200: train: 2.45242285262
Iter 250: train: 2.38333440836
Iter 300: train: 2.29738505943
Iter 350: train: 2.27518261826


Got result 4.674715

Job file reloaded.
Completed successfully in 1974.52 seconds. [4.674715]
setting job 2493 complete
set...
