Running in wrapper mode for '5106'

Running python job.

spear_wrapper job #:5106
spear_wrapper in directory: /home/jie/d3/fujie/copy1/hyper_parameter_tuning/hyperParamTuning/experiment/1
spear_wrapper params are:{u'ml2': array([-7.72753906]), u'ml3': array([-2.15332031]), u'ml1': array([-1.48925781]), u'ml4': array([-4.71972656]), u'experiment_dir': [u'/home/jie/d3/fujie/copy1/hyper_parameter_tuning/hyperParamTuning/experiment/1/12/example']}
training samples 2000: testing samples: 1000
Top level iter 0
Top level iter 1
Top level iter 2
Iter 0: train: 2.82473188711
Iter 50: train: 2.0179477126
Iter 100: train: 1.90729680487
Iter 150: train: 1.65062618582
Iter 200: train: 1.57764629691
Iter 250: train: 1.42234705876
Iter 300: train: 1.55248466045
Iter 350: train: 1.20045941745
Hyper iter 0, test loss 1.28993990818
Cur_reg [-1.48925781 -1.48925781 -1.48925781 ..., -4.71972656 -4.71972656
 -4.71972656]
Iter 0: train: 2.98948744388
Iter 50: train: 2.064490733
Iter 100: train: 1.91368538203
Iter 150: train: 1.59342209526
Iter 200: train: 1.50042540123
Iter 250: train: 1.25759361666
Iter 300: train: 1.26756960412
Iter 350: train: 1.2190538749
Iter 0: train: 3.14911638555
Iter 50: train: 1.91635519641
Iter 100: train: 1.61180358188
Iter 150: train: 1.24016979322
Iter 200: train: 1.15277792599
Iter 250: train: 1.08269395537
Iter 300: train: 0.956463612286
Iter 350: train: 1.09282382268
Iter 0: train: 2.627159928
Iter 50: train: 1.82050554225
Iter 100: train: 1.21335197433
Iter 150: train: 1.05687291499
Iter 200: train: 0.894521949101
Iter 250: train: 0.950628163511
Iter 300: train: 0.94842300827
Iter 350: train: 1.04492364455
Iter 0: train: 2.79309960842
Iter 50: train: 1.88710579068
Iter 100: train: 1.22480048038
Iter 150: train: 1.22517752433
Iter 200: train: 1.0790889982
Iter 250: train: 0.856931692817
Iter 300: train: 0.899719849581
Iter 350: train: 0.709532758625
Iter 0: train: 2.67538738658
Iter 50: train: 1.71012294598
Iter 100: train: 1.340494447
Iter 150: train: 1.02693442317
Iter 200: train: 0.887616416497
Iter 250: train: 0.945348578054
Iter 300: train: 0.824548254216
Iter 350: train: 0.749739118354


Iter 0: train: 2.89771465764
Iter 50: train: 1.79212445722
Iter 100: train: 1.45745856436
Iter 150: train: 1.18715900978
Iter 200: train: 1.11388639848
Iter 250: train: 0.878132033607
Iter 300: train: 1.01642392225
Iter 350: train: 0.752911255496
Hyper iter 1, test loss 0.781789147873
Cur_reg [-1.48925781 -1.48925781 -1.48925781 ..., -4.71972656 -4.71972656
 -4.71972656]
Iter 0: train: 2.99886326624
Iter 50: train: 1.7980522853
Iter 100: train: 1.47564350695
Iter 150: train: 1.16117839926
Iter 200: train: 1.04207799952
Iter 250: train: 0.833839463258
Iter 300: train: 0.942870289873
Iter 350: train: 0.959474189202
Iter 0: train: 2.91526148294
Iter 50: train: 1.76739934197
Iter 100: train: 1.30768298709
Iter 150: train: 1.17790366102
Iter 200: train: 1.02879118395
Iter 250: train: 0.851171946126
Iter 300: train: 0.850032486032
Iter 350: train: 0.720628083237
Iter 0: train: 2.97860450493
Iter 50: train: 1.68954794013
Iter 100: train: 1.30965515421
Iter 150: train: 1.11440868349
Iter 200: train: 0.911269958202
Iter 250: train: 0.755591466345
Iter 300: train: 0.64732711156
Iter 350: train: 0.872351053939
Iter 0: train: 2.95682462064
Iter 50: train: 1.78010751656
Iter 100: train: 1.28593835851
Iter 150: train: 0.942951633915
Iter 200: train: 0.967227576196
Iter 250: train: 0.736396524295
Iter 300: train: 0.675481855643
Iter 350: train: 0.671835108516
Iter 0: train: 3.0162586654
Iter 50: train: 1.67154960965
Iter 100: train: 1.11277596355
Iter 150: train: 0.91577591643
Iter 200: train: 0.928772282177
Iter 250: train: 0.796540733114
Iter 300: train: 0.810095779052
Iter 350: train: 0.869824412827


Got result 2.071729

Job file reloaded.
Completed successfully in 1848.27 seconds. [2.071729]
setting job 5106 complete
set...
