Running in wrapper mode for '9805'

Running python job.

spear_wrapper job #:9805
spear_wrapper in directory: /home/jie/d3/fujie/copy1/hyper_parameter_tuning/hyperParamTuning/experiment/1
spear_wrapper params are:{u'ml2': array([-2.42529297]), u'ml3': array([-5.61767578]), u'ml1': array([-1.29150391]), u'ml4': array([-3.64404297]), u'experiment_dir': [u'/home/jie/d3/fujie/copy1/hyper_parameter_tuning/hyperParamTuning/experiment/1/12/example']}
training samples 2000: testing samples: 1000
Top level iter 0
Top level iter 1
Top level iter 2
Iter 0: train: 2.82473188711
Iter 50: train: 1.9913494783
Iter 100: train: 1.88904098728
Iter 150: train: 1.70559293834
Iter 200: train: 1.66358372954
Iter 250: train: 1.52881348127
Iter 300: train: 1.68950595515
Iter 350: train: 1.2823782797
Hyper iter 0, test loss 1.34752698976
Cur_reg [-1.29150391 -1.29150391 -1.29150391 ..., -3.64404297 -3.64404297
 -3.64404297]
Iter 0: train: 2.98948744388
Iter 50: train: 2.03642345466
Iter 100: train: 1.90362521373
Iter 150: train: 1.65638411202
Iter 200: train: 1.6055537168
Iter 250: train: 1.39466157476
Iter 300: train: 1.34450779216
Iter 350: train: 1.26037516749
Iter 0: train: 3.14911638555
Iter 50: train: 1.96141001382
Iter 100: train: 1.80143536767
Iter 150: train: 1.52113186319
Iter 200: train: 1.44130848666
Iter 250: train: 1.38614108713
Iter 300: train: 1.22417209998
Iter 350: train: 1.31158279055
Iter 0: train: 2.627159928
Iter 50: train: 1.92522932598
Iter 100: train: 1.53736866667
Iter 150: train: 1.44378372515
Iter 200: train: 1.26921830324
Iter 250: train: 1.30893678887
Iter 300: train: 1.31334158898
Iter 350: train: 1.45638732191
Iter 0: train: 2.79309960842
Iter 50: train: 2.0136894365
Iter 100: train: 1.59225465721
Iter 150: train: 1.6514589455
Iter 200: train: 1.49373514421
Iter 250: train: 1.34753526586
Iter 300: train: 1.32542823405
Iter 350: train: 1.22413786431
Iter 0: train: 2.67538738658
Iter 50: train: 1.85974005054
Iter 100: train: 1.63413340267
Iter 150: train: 1.4375592634
Iter 200: train: 1.31659233332
Iter 250: train: 1.41895203145
Iter 300: train: 1.34454228078
Iter 350: train: 1.27515164191


Iter 0: train: 2.89771465764
Iter 50: train: 1.91296107649
Iter 100: train: 1.76481845944
Iter 150: train: 1.56577718283
Iter 200: train: 1.53151625739
Iter 250: train: 1.36434100576
Iter 300: train: 1.48924488295
Iter 350: train: 1.13654737812
Hyper iter 1, test loss 1.21906708922
Cur_reg [-1.29150391 -1.29150391 -1.29150391 ..., -3.64404297 -3.64404297
 -3.64404297]
Iter 0: train: 2.99886326624
Iter 50: train: 1.90945190433
Iter 100: train: 1.78353412574
Iter 150: train: 1.5671223004
Iter 200: train: 1.47825461425
Iter 250: train: 1.23176675149
Iter 300: train: 1.33409096437
Iter 350: train: 1.3288748807
Iter 0: train: 2.91526148294
Iter 50: train: 1.90437151889
Iter 100: train: 1.65944181932
Iter 150: train: 1.57041979928
Iter 200: train: 1.42803290973
Iter 250: train: 1.29448836504
Iter 300: train: 1.28796662795
Iter 350: train: 1.14102085456
Iter 0: train: 2.97860450493
Iter 50: train: 1.83769288472
Iter 100: train: 1.59452732137
Iter 150: train: 1.48750283006
Iter 200: train: 1.30396607044
Iter 250: train: 1.19182138744
Iter 300: train: 1.061057216
Iter 350: train: 1.27255067729
Iter 0: train: 2.95682462064
Iter 50: train: 1.89924698649
Iter 100: train: 1.63625784187
Iter 150: train: 1.37394642472
Iter 200: train: 1.44270456808
Iter 250: train: 1.20110489643
Iter 300: train: 1.10876495573
Iter 350: train: 1.150600162
Iter 0: train: 3.0162586654
Iter 50: train: 1.81256820016
Iter 100: train: 1.44091171258
Iter 150: train: 1.27137383722
Iter 200: train: 1.32099801296
Iter 250: train: 1.19984791841
Iter 300: train: 1.23886074047
Iter 350: train: 1.2293916681


Got result 2.566594

Job file reloaded.
Completed successfully in 1912.17 seconds. [2.566594]
setting job 9805 complete
set...
