Running in wrapper mode for '10797'

Running python job.

spear_wrapper job #:10797
spear_wrapper in directory: /home/jie/d3/fujie/copy1/hyper_parameter_tuning/hyperParamTuning/experiment/1
spear_wrapper params are:{u'ml2': array([-2.98974609]), u'ml3': array([-0.69384766]), u'ml1': array([-1.09423828]), u'ml4': array([-7.45068359]), u'experiment_dir': [u'/home/jie/d3/fujie/copy1/hyper_parameter_tuning/hyperParamTuning/experiment/1/12/example']}
training samples 2000: testing samples: 1000
Top level iter 0
Top level iter 1
Top level iter 2
Iter 0: train: 2.82473188711
Iter 50: train: 2.31126096384
Iter 100: train: 2.34194359177
Iter 150: train: 2.32093585458
Iter 200: train: 2.33891938326
Iter 250: train: 2.34696931358
Iter 300: train: 2.39966988562
Iter 350: train: 2.28086421984
Hyper iter 0, test loss 2.34331290963
Cur_reg [-1.09423828 -1.09423828 -1.09423828 ..., -7.45068359 -7.45068359
 -7.45068359]
Iter 0: train: 2.98948744388
Iter 50: train: 2.31990292534
Iter 100: train: 2.34830721195
Iter 150: train: 2.29842048856
Iter 200: train: 2.35378820066
Iter 250: train: 2.28931195235
Iter 300: train: 2.27057342898
Iter 350: train: 2.3185278308
Iter 0: train: 3.14911638555
Iter 50: train: 2.32672163256
Iter 100: train: 2.3302305497
Iter 150: train: 2.31360490007
Iter 200: train: 2.30845410295
Iter 250: train: 2.28694868634
Iter 300: train: 2.2999518721
Iter 350: train: 2.29441028251
Iter 0: train: 2.627159928
Iter 50: train: 2.22771828757
Iter 100: train: 2.31013319867
Iter 150: train: 2.25035004815
Iter 200: train: 2.27436091867
Iter 250: train: 2.33042957512
Iter 300: train: 2.34415243649
Iter 350: train: 2.39929933922
Iter 0: train: 2.79309960842
Iter 50: train: 2.33504586976
Iter 100: train: 2.25555969228
Iter 150: train: 2.30901472549
Iter 200: train: 2.35612608928
Iter 250: train: 2.26203376917
Iter 300: train: 2.29516305687
Iter 350: train: 2.34690029611
Iter 0: train: 2.67538738658
Iter 50: train: 2.18355506425
Iter 100: train: 2.3331185125
Iter 150: train: 2.3240766164
Iter 200: train: 2.26178012529
Iter 250: train: 2.30006068534
Iter 300: train: 2.34895579398
Iter 350: train: 2.3110187125


Iter 0: train: 2.89771465764
Iter 50: train: 2.22667309638
Iter 100: train: 2.28840435591
Iter 150: train: 2.29312573347
Iter 200: train: 2.29070161029
Iter 250: train: 2.30918451994
Iter 300: train: 2.31308670448
Iter 350: train: 2.26201300875
Hyper iter 1, test loss 2.31892465834
Cur_reg [-1.09423828 -1.09423828 -1.09423828 ..., -7.45068359 -7.45068359
 -7.45068359]
Iter 0: train: 2.99886326624
Iter 50: train: 2.21402741792
Iter 100: train: 2.3528504037
Iter 150: train: 2.31145066521
Iter 200: train: 2.31421950802
Iter 250: train: 2.27575626659
Iter 300: train: 2.31066874522
Iter 350: train: 2.26875100427
Iter 0: train: 2.91526148294
Iter 50: train: 2.19354280269
Iter 100: train: 2.23988105521
Iter 150: train: 2.30325955716
Iter 200: train: 2.31492483148
Iter 250: train: 2.32103619232
Iter 300: train: 2.27678300078
Iter 350: train: 2.34391292604
Iter 0: train: 2.97860450493
Iter 50: train: 2.17710190625
Iter 100: train: 2.252122629
Iter 150: train: 2.23836294311
Iter 200: train: 2.23221613342
Iter 250: train: 2.21936141369
Iter 300: train: 2.21821815267
Iter 350: train: 2.29757155686
Iter 0: train: 2.95682462064
Iter 50: train: 2.16725177198
Iter 100: train: 2.11362747083
Iter 150: train: 2.0402794866
Iter 200: train: 2.09915009721
Iter 250: train: 2.03915593834
Iter 300: train: 1.98559055542
Iter 350: train: 1.93531660429
Iter 0: train: 3.0162586654
Iter 50: train: 2.04457164601
Iter 100: train: 2.00168281188
Iter 150: train: 1.91460609228
Iter 200: train: 2.09821042441
Iter 250: train: 1.88838761068
Iter 300: train: 1.92359639662
Iter 350: train: 1.82944641419


Got result 4.662238

Job file reloaded.
Completed successfully in 1971.40 seconds. [4.662238]
setting job 10797 complete
set...
