Running in wrapper mode for '18058'

Running python job.

spear_wrapper job #:18058
spear_wrapper in directory: /home/jie/d3/fujie/copy1/hyper_parameter_tuning/hyperParamTuning/experiment/1
spear_wrapper params are:{u'ml2': array([-7.89770508]), u'ml3': array([-4.25952148]), u'ml1': array([-0.38598633]), u'ml4': array([-4.55053711]), u'experiment_dir': [u'/home/jie/d3/fujie/copy1/hyper_parameter_tuning/hyperParamTuning/experiment/1/12/example']}
training samples 2000: testing samples: 1000
Top level iter 0
Top level iter 1
Top level iter 2
Iter 0: train: 2.82473188711
Iter 50: train: 2.10019814061
Iter 100: train: 1.98698266257
Iter 150: train: 1.68313927463
Iter 200: train: 1.61108177951
Iter 250: train: 1.35594131116
Iter 300: train: 1.45761113
Iter 350: train: 1.03125063513
Hyper iter 0, test loss 1.10502009054
Cur_reg [-0.38598633 -0.38598633 -0.38598633 ..., -4.55053711 -4.55053711
 -4.55053711]
Iter 0: train: 2.98948744388
Iter 50: train: 2.1285286831
Iter 100: train: 1.97410480108
Iter 150: train: 1.64874200515
Iter 200: train: 1.49559190491
Iter 250: train: 1.17645489983
Iter 300: train: 1.12740838194
Iter 350: train: 1.02349587658
Iter 0: train: 3.14911638555
Iter 50: train: 2.0598547088
Iter 100: train: 1.89833294143
Iter 150: train: 1.53149621271
Iter 200: train: 1.30618618771
Iter 250: train: 1.19432859224
Iter 300: train: 0.98502282227
Iter 350: train: 1.06216593595
Iter 0: train: 2.627159928
Iter 50: train: 2.03356882569
Iter 100: train: 1.6486373629
Iter 150: train: 1.43304530436
Iter 200: train: 1.15800317074
Iter 250: train: 1.16079803821
Iter 300: train: 1.09215757443
Iter 350: train: 1.21167555412
Iter 0: train: 2.79309960842
Iter 50: train: 2.13082353104
Iter 100: train: 1.70085076706
Iter 150: train: 1.6648586795
Iter 200: train: 1.42381018629
Iter 250: train: 1.16884058685
Iter 300: train: 1.11548696885
Iter 350: train: 0.959124923155
Iter 0: train: 2.67538738658
Iter 50: train: 1.96482859464
Iter 100: train: 1.75688679863
Iter 150: train: 1.42761538046
Iter 200: train: 1.19632833841
Iter 250: train: 1.25121708627
Iter 300: train: 1.10983530755
Iter 350: train: 0.992075241294


Iter 0: train: 2.89771465764
Iter 50: train: 2.03913495448
Iter 100: train: 1.84909761482
Iter 150: train: 1.51391236088
Iter 200: train: 1.39541854121
Iter 250: train: 1.12950170823
Iter 300: train: 1.22595210896
Iter 350: train: 0.872809973899
Hyper iter 1, test loss 0.925266432025
Cur_reg [-0.38598633 -0.38598633 -0.38598633 ..., -4.55053711 -4.55053711
 -4.55053711]
Iter 0: train: 2.99886326624
Iter 50: train: 2.03385378883
Iter 100: train: 1.87763806684
Iter 150: train: 1.50914228433
Iter 200: train: 1.31998167875
Iter 250: train: 1.04175000721
Iter 300: train: 1.10632421017
Iter 350: train: 1.10120821747
Iter 0: train: 2.91526148294
Iter 50: train: 2.03345118364
Iter 100: train: 1.751581367
Iter 150: train: 1.5438566645
Iter 200: train: 1.29175556266
Iter 250: train: 1.05087282251
Iter 300: train: 1.06328354735
Iter 350: train: 0.869138233998
Iter 0: train: 2.97860450493
Iter 50: train: 2.00850870837
Iter 100: train: 1.67911161871
Iter 150: train: 1.45062796978
Iter 200: train: 1.16729974591
Iter 250: train: 1.00208283805
Iter 300: train: 0.835419487659
Iter 350: train: 1.0606270605
Iter 0: train: 2.95682462064
Iter 50: train: 2.03434111793
Iter 100: train: 1.73414422306
Iter 150: train: 1.35403224715
Iter 200: train: 1.30371817794
Iter 250: train: 0.99714867898
Iter 300: train: 0.86240802581
Iter 350: train: 0.870675493341
Iter 0: train: 3.0162586654
Iter 50: train: 1.97793111939
Iter 100: train: 1.5392874271
Iter 150: train: 1.25917639667
Iter 200: train: 1.19448601877
Iter 250: train: 1.02096515957
Iter 300: train: 1.0147349377
Iter 350: train: 1.02888148617


Got result 2.030287

Job file reloaded.
Completed successfully in 1656.96 seconds. [2.030287]
setting job 18058 complete
set...
