Running in wrapper mode for '19938'

Running python job.

spear_wrapper job #:19938
spear_wrapper in directory: /home/jie/d3/fujie/copy1/hyper_parameter_tuning/hyperParamTuning/experiment/1
spear_wrapper params are:{u'ml2': array([-7.03637695]), u'ml3': array([-2.63647461]), u'ml1': array([-1.72387695]), u'ml4': array([-3.57983398]), u'experiment_dir': [u'/home/jie/d3/fujie/copy1/hyper_parameter_tuning/hyperParamTuning/experiment/1/12/example']}
training samples 2000: testing samples: 1000
Top level iter 0
Top level iter 1
Top level iter 2
Iter 0: train: 2.82473188711
Iter 50: train: 1.90936225006
Iter 100: train: 1.64685237499
Iter 150: train: 1.36596181471
Iter 200: train: 1.32301132512
Iter 250: train: 1.11853431705
Iter 300: train: 1.27817518784
Iter 350: train: 0.944308439812
Hyper iter 0, test loss 1.01999716618
Cur_reg [-1.72387695 -1.72387695 -1.72387695 ..., -3.57983398 -3.57983398
 -3.57983398]
Iter 0: train: 2.98948744388
Iter 50: train: 1.9638651683
Iter 100: train: 1.66233154795
Iter 150: train: 1.28799753143
Iter 200: train: 1.2222575443
Iter 250: train: 0.972461307826
Iter 300: train: 0.995199314209
Iter 350: train: 0.94997738809
Iter 0: train: 3.14911638555
Iter 50: train: 1.82947732402
Iter 100: train: 1.40898714083
Iter 150: train: 1.03982137295
Iter 200: train: 0.941529528117
Iter 250: train: 0.858616209497
Iter 300: train: 0.726749019956
Iter 350: train: 0.872630142651
Iter 0: train: 2.627159928
Iter 50: train: 1.77103374288
Iter 100: train: 1.0893605081
Iter 150: train: 0.944028659732
Iter 200: train: 0.789704226917
Iter 250: train: 0.843125735604
Iter 300: train: 0.832572994978
Iter 350: train: 0.918130785732
Iter 0: train: 2.79309960842
Iter 50: train: 1.84603289554
Iter 100: train: 1.11208733908
Iter 150: train: 1.11215127425
Iter 200: train: 0.974674096253
Iter 250: train: 0.76112365154
Iter 300: train: 0.821307507783
Iter 350: train: 0.61622326407
Iter 0: train: 2.67538738658
Iter 50: train: 1.66241099494
Iter 100: train: 1.23912317221
Iter 150: train: 0.921074310746
Iter 200: train: 0.806745598318
Iter 250: train: 0.865814963069
Iter 300: train: 0.747471810705
Iter 350: train: 0.658714056993


Iter 0: train: 2.89771465764
Iter 50: train: 1.72071260459
Iter 100: train: 1.31282452199
Iter 150: train: 1.07007250675
Iter 200: train: 1.00748595411
Iter 250: train: 0.770670618597
Iter 300: train: 0.918089789291
Iter 350: train: 0.682392005054
Hyper iter 1, test loss 0.715887590389
Cur_reg [-1.72387695 -1.72387695 -1.72387695 ..., -3.57983398 -3.57983398
 -3.57983398]
Iter 0: train: 2.99886326624
Iter 50: train: 1.73041190684
Iter 100: train: 1.34884897953
Iter 150: train: 1.02062339161
Iter 200: train: 0.907871837923
Iter 250: train: 0.733234198813
Iter 300: train: 0.854819342866
Iter 350: train: 0.893918361927
Iter 0: train: 2.91526148294
Iter 50: train: 1.69694901119
Iter 100: train: 1.17371001298
Iter 150: train: 1.0616378193
Iter 200: train: 0.930908686478
Iter 250: train: 0.762454663788
Iter 300: train: 0.768209142987
Iter 350: train: 0.646892430929
Iter 0: train: 2.97860450493
Iter 50: train: 1.60940065866
Iter 100: train: 1.18441004119
Iter 150: train: 1.00578677325
Iter 200: train: 0.809575716498
Iter 250: train: 0.665617437022
Iter 300: train: 0.573473429666
Iter 350: train: 0.806409695799
Iter 0: train: 2.95682462064
Iter 50: train: 1.70442738118
Iter 100: train: 1.15946700582
Iter 150: train: 0.841016669231
Iter 200: train: 0.871830618832
Iter 250: train: 0.644925805159
Iter 300: train: 0.60529637047
Iter 350: train: 0.604095352664
Iter 0: train: 3.0162586654
Iter 50: train: 1.60000576624
Iter 100: train: 0.993349779787
Iter 150: train: 0.829123547287
Iter 200: train: 0.845408693378
Iter 250: train: 0.719422141934
Iter 300: train: 0.737744703543
Iter 350: train: 0.817545866877


Got result 1.735885

Job file reloaded.
Completed successfully in 1951.80 seconds. [1.735885]
setting job 19938 complete
set...
